<?xml version="1.0" encoding="UTF-8"?>
<!-- Generated by org.testng.reporters.JUnitReportReporter -->
<testsuite hostname="INBENKARSELVAN" name="com.ui.automation.page.BookFlight" tests="2" failures="0" timestamp="25 May 2021 06:28:50 GMT" time="2.933" errors="0">
  <testcase name="Test_SeachAndBookFlight" time="0.436" classname="com.ui.automation.page.BookFlight"/>
  <testcase name="Test_SeachAndBookFlight2" time="2.497" classname="com.ui.automation.page.BookFlight"/>
</testsuite> <!-- com.ui.automation.page.BookFlight -->
