<?xml version="1.0" encoding="UTF-8"?>
<!-- Generated by org.testng.reporters.JUnitReportReporter -->
<testsuite hostname="INBENKARSELVAN" failures="0" tests="1" name="com.ui.automation.tests.BookFlight" time="3.659" errors="0" timestamp="25 May 2021 12:01:29 GMT">
  <testcase classname="com.ui.automation.tests.BookFlight" name="Test_SearchAndBookFlight" time="3.659"/>
</testsuite> <!-- com.ui.automation.tests.BookFlight -->
